2023-09-15 20:26:39,430 ERROR scheduler Exception in Enqueue Events for Site erp.visitouriran.com
Traceback (most recent call last):
  File "apps/frappe/frappe/utils/scheduler.py", line 78, in enqueue_events_for_site
    enqueue_events(site=site)
  File "apps/frappe/frappe/utils/scheduler.py", line 100, in enqueue_events
    frappe.get_doc("Scheduled Job Type", job_type.name).enqueue()
  File "apps/frappe/frappe/core/doctype/scheduled_job_type/scheduled_job_type.py", line 27, in enqueue
    if self.is_event_due() or force:
  File "apps/frappe/frappe/core/doctype/scheduled_job_type/scheduled_job_type.py", line 51, in is_event_due
    return self.get_next_execution() <= (current_time or now_datetime())
  File "apps/frappe/frappe/core/doctype/scheduled_job_type/scheduled_job_type.py", line 77, in get_next_execution
    "All": "0/" + str((frappe.get_conf().scheduler_interval or 240) // 60) + " * * * *",
TypeError: unsupported operand type(s) for //: 'str' and 'int'

2023-09-15 20:32:24,806 ERROR scheduler Exception in Enqueue Events for Site erp.visitouriran.com
Traceback (most recent call last):
  File "apps/frappe/frappe/utils/scheduler.py", line 78, in enqueue_events_for_site
    enqueue_events(site=site)
  File "apps/frappe/frappe/utils/scheduler.py", line 100, in enqueue_events
    frappe.get_doc("Scheduled Job Type", job_type.name).enqueue()
  File "apps/frappe/frappe/core/doctype/scheduled_job_type/scheduled_job_type.py", line 27, in enqueue
    if self.is_event_due() or force:
  File "apps/frappe/frappe/core/doctype/scheduled_job_type/scheduled_job_type.py", line 51, in is_event_due
    return self.get_next_execution() <= (current_time or now_datetime())
  File "apps/frappe/frappe/core/doctype/scheduled_job_type/scheduled_job_type.py", line 77, in get_next_execution
    "All": "0/" + str((frappe.get_conf().scheduler_interval or 240) // 60) + " * * * *",
TypeError: unsupported operand type(s) for //: 'str' and 'int'

2023-09-15 20:35:54,625 ERROR scheduler Exception in Enqueue Events for Site erp.visitouriran.com
Traceback (most recent call last):
  File "apps/frappe/frappe/utils/scheduler.py", line 78, in enqueue_events_for_site
    enqueue_events(site=site)
  File "apps/frappe/frappe/utils/scheduler.py", line 100, in enqueue_events
    frappe.get_doc("Scheduled Job Type", job_type.name).enqueue()
  File "apps/frappe/frappe/core/doctype/scheduled_job_type/scheduled_job_type.py", line 27, in enqueue
    if self.is_event_due() or force:
  File "apps/frappe/frappe/core/doctype/scheduled_job_type/scheduled_job_type.py", line 51, in is_event_due
    return self.get_next_execution() <= (current_time or now_datetime())
  File "apps/frappe/frappe/core/doctype/scheduled_job_type/scheduled_job_type.py", line 77, in get_next_execution
    "All": "0/" + str((frappe.get_conf().scheduler_interval or 240) // 60) + " * * * *",
TypeError: unsupported operand type(s) for //: 'str' and 'int'

2023-09-15 20:36:54,983 ERROR scheduler Exception in Enqueue Events for Site erp.visitouriran.com
Traceback (most recent call last):
  File "apps/frappe/frappe/utils/scheduler.py", line 78, in enqueue_events_for_site
    enqueue_events(site=site)
  File "apps/frappe/frappe/utils/scheduler.py", line 100, in enqueue_events
    frappe.get_doc("Scheduled Job Type", job_type.name).enqueue()
  File "apps/frappe/frappe/core/doctype/scheduled_job_type/scheduled_job_type.py", line 27, in enqueue
    if self.is_event_due() or force:
  File "apps/frappe/frappe/core/doctype/scheduled_job_type/scheduled_job_type.py", line 51, in is_event_due
    return self.get_next_execution() <= (current_time or now_datetime())
  File "apps/frappe/frappe/core/doctype/scheduled_job_type/scheduled_job_type.py", line 77, in get_next_execution
    "All": "0/" + str((frappe.get_conf().scheduler_interval or 240) // 60) + " * * * *",
TypeError: unsupported operand type(s) for //: 'str' and 'int'

2023-09-15 20:37:55,711 ERROR scheduler Exception in Enqueue Events for Site erp.visitouriran.com
Traceback (most recent call last):
  File "apps/frappe/frappe/utils/scheduler.py", line 78, in enqueue_events_for_site
    enqueue_events(site=site)
  File "apps/frappe/frappe/utils/scheduler.py", line 100, in enqueue_events
    frappe.get_doc("Scheduled Job Type", job_type.name).enqueue()
  File "apps/frappe/frappe/core/doctype/scheduled_job_type/scheduled_job_type.py", line 27, in enqueue
    if self.is_event_due() or force:
  File "apps/frappe/frappe/core/doctype/scheduled_job_type/scheduled_job_type.py", line 51, in is_event_due
    return self.get_next_execution() <= (current_time or now_datetime())
  File "apps/frappe/frappe/core/doctype/scheduled_job_type/scheduled_job_type.py", line 77, in get_next_execution
    "All": "0/" + str((frappe.get_conf().scheduler_interval or 240) // 60) + " * * * *",
TypeError: unsupported operand type(s) for //: 'str' and 'int'

2023-09-15 20:38:56,176 ERROR scheduler Exception in Enqueue Events for Site erp.visitouriran.com
Traceback (most recent call last):
  File "apps/frappe/frappe/utils/scheduler.py", line 78, in enqueue_events_for_site
    enqueue_events(site=site)
  File "apps/frappe/frappe/utils/scheduler.py", line 100, in enqueue_events
    frappe.get_doc("Scheduled Job Type", job_type.name).enqueue()
  File "apps/frappe/frappe/core/doctype/scheduled_job_type/scheduled_job_type.py", line 27, in enqueue
    if self.is_event_due() or force:
  File "apps/frappe/frappe/core/doctype/scheduled_job_type/scheduled_job_type.py", line 51, in is_event_due
    return self.get_next_execution() <= (current_time or now_datetime())
  File "apps/frappe/frappe/core/doctype/scheduled_job_type/scheduled_job_type.py", line 77, in get_next_execution
    "All": "0/" + str((frappe.get_conf().scheduler_interval or 240) // 60) + " * * * *",
TypeError: unsupported operand type(s) for //: 'str' and 'int'

2023-09-15 20:39:56,308 ERROR scheduler Exception in Enqueue Events for Site erp.visitouriran.com
Traceback (most recent call last):
  File "apps/frappe/frappe/utils/scheduler.py", line 78, in enqueue_events_for_site
    enqueue_events(site=site)
  File "apps/frappe/frappe/utils/scheduler.py", line 100, in enqueue_events
    frappe.get_doc("Scheduled Job Type", job_type.name).enqueue()
  File "apps/frappe/frappe/core/doctype/scheduled_job_type/scheduled_job_type.py", line 27, in enqueue
    if self.is_event_due() or force:
  File "apps/frappe/frappe/core/doctype/scheduled_job_type/scheduled_job_type.py", line 51, in is_event_due
    return self.get_next_execution() <= (current_time or now_datetime())
  File "apps/frappe/frappe/core/doctype/scheduled_job_type/scheduled_job_type.py", line 77, in get_next_execution
    "All": "0/" + str((frappe.get_conf().scheduler_interval or 240) // 60) + " * * * *",
TypeError: unsupported operand type(s) for //: 'str' and 'int'

